src/components/ui/accordion.tsx(2,37): error TS2307: Cannot find module '@radix-ui/react-accordion' or its corresponding type declarations.
src/components/ui/alert-dialog.tsx(2,39): error TS2307: Cannot find module '@radix-ui/react-alert-dialog' or its corresponding type declarations.
src/components/ui/alert-dialog.tsx(5,10): error TS2305: Module '"@/components/ui/button"' has no exported member 'buttonVariants'.
src/components/ui/alert-dialog.tsx(5,32): error TS1149: File name 'C:/Users/satap/OneDrive/Desktop/Project/src/components/ui/button.tsx' differs from already included file name 'C:/Users/satap/OneDrive/Desktop/Project/src/components/ui/Button.tsx' only in casing.
  The file is in the program because:
    Imported via '../ui/Button' from file 'C:/Users/satap/OneDrive/Desktop/Project/src/components/sections/Hero.tsx'
    Imported via '../ui/Button' from file 'C:/Users/satap/OneDrive/Desktop/Project/src/components/sections/SystemIntelligence.tsx'
    Imported via '../ui/Button' from file 'C:/Users/satap/OneDrive/Desktop/Project/src/components/sections/StrategicAcquisition.tsx'
    Imported via '../ui/Button' from file 'C:/Users/satap/OneDrive/Desktop/Project/src/components/sections/ProductDefinition.tsx'
    Matched by include pattern 'src' in 'C:/Users/satap/OneDrive/Desktop/Project/tsconfig.app.json'
    Imported via "@/components/ui/button" from file 'C:/Users/satap/OneDrive/Desktop/Project/src/components/ui/alert-dialog.tsx'
    Imported via "@/components/ui/button" from file 'C:/Users/satap/OneDrive/Desktop/Project/src/components/ui/calendar.tsx'
    Imported via "@/components/ui/button" from file 'C:/Users/satap/OneDrive/Desktop/Project/src/components/ui/carousel.tsx'
    Imported via "@/components/ui/button" from file 'C:/Users/satap/OneDrive/Desktop/Project/src/components/ui/pagination.tsx'
    Imported via "@/components/ui/button" from file 'C:/Users/satap/OneDrive/Desktop/Project/src/components/ui/sidebar.tsx'
src/components/ui/aspect-ratio.tsx(1,39): error TS2307: Cannot find module '@radix-ui/react-aspect-ratio' or its corresponding type declarations.
src/components/ui/avatar.tsx(2,34): error TS2307: Cannot find module '@radix-ui/react-avatar' or its corresponding type declarations.
src/components/ui/calendar.tsx(3,27): error TS2307: Cannot find module 'react-day-picker' or its corresponding type declarations.
src/components/ui/calendar.tsx(6,10): error TS2305: Module '"@/components/ui/button"' has no exported member 'buttonVariants'.
src/components/ui/calendar.tsx(6,32): error TS1149: File name 'C:/Users/satap/OneDrive/Desktop/Project/src/components/ui/button.tsx' differs from already included file name 'C:/Users/satap/OneDrive/Desktop/Project/src/components/ui/Button.tsx' only in casing.
  The file is in the program because:
    Imported via '../ui/Button' from file 'C:/Users/satap/OneDrive/Desktop/Project/src/components/sections/Hero.tsx'
    Imported via '../ui/Button' from file 'C:/Users/satap/OneDrive/Desktop/Project/src/components/sections/SystemIntelligence.tsx'
    Imported via '../ui/Button' from file 'C:/Users/satap/OneDrive/Desktop/Project/src/components/sections/StrategicAcquisition.tsx'
    Imported via '../ui/Button' from file 'C:/Users/satap/OneDrive/Desktop/Project/src/components/sections/ProductDefinition.tsx'
    Matched by include pattern 'src' in 'C:/Users/satap/OneDrive/Desktop/Project/tsconfig.app.json'
    Imported via "@/components/ui/button" from file 'C:/Users/satap/OneDrive/Desktop/Project/src/components/ui/alert-dialog.tsx'
    Imported via "@/components/ui/button" from file 'C:/Users/satap/OneDrive/Desktop/Project/src/components/ui/calendar.tsx'
    Imported via "@/components/ui/button" from file 'C:/Users/satap/OneDrive/Desktop/Project/src/components/ui/carousel.tsx'
    Imported via "@/components/ui/button" from file 'C:/Users/satap/OneDrive/Desktop/Project/src/components/ui/pagination.tsx'
    Imported via "@/components/ui/button" from file 'C:/Users/satap/OneDrive/Desktop/Project/src/components/ui/sidebar.tsx'
src/components/ui/calendar.tsx(45,20): error TS6133: '_props' is declared but its value is never read.
src/components/ui/calendar.tsx(46,21): error TS6133: '_props' is declared but its value is never read.
src/components/ui/carousel.tsx(2,61): error TS2307: Cannot find module 'embla-carousel-react' or its corresponding type declarations.
src/components/ui/carousel.tsx(6,24): error TS1149: File name 'C:/Users/satap/OneDrive/Desktop/Project/src/components/ui/button.tsx' differs from already included file name 'C:/Users/satap/OneDrive/Desktop/Project/src/components/ui/Button.tsx' only in casing.
  The file is in the program because:
    Imported via '../ui/Button' from file 'C:/Users/satap/OneDrive/Desktop/Project/src/components/sections/Hero.tsx'
    Imported via '../ui/Button' from file 'C:/Users/satap/OneDrive/Desktop/Project/src/components/sections/SystemIntelligence.tsx'
    Imported via '../ui/Button' from file 'C:/Users/satap/OneDrive/Desktop/Project/src/components/sections/StrategicAcquisition.tsx'
    Imported via '../ui/Button' from file 'C:/Users/satap/OneDrive/Desktop/Project/src/components/sections/ProductDefinition.tsx'
    Matched by include pattern 'src' in 'C:/Users/satap/OneDrive/Desktop/Project/tsconfig.app.json'
    Imported via "@/components/ui/button" from file 'C:/Users/satap/OneDrive/Desktop/Project/src/components/ui/alert-dialog.tsx'
    Imported via "@/components/ui/button" from file 'C:/Users/satap/OneDrive/Desktop/Project/src/components/ui/calendar.tsx'
    Imported via "@/components/ui/button" from file 'C:/Users/satap/OneDrive/Desktop/Project/src/components/ui/carousel.tsx'
    Imported via "@/components/ui/button" from file 'C:/Users/satap/OneDrive/Desktop/Project/src/components/ui/pagination.tsx'
    Imported via "@/components/ui/button" from file 'C:/Users/satap/OneDrive/Desktop/Project/src/components/ui/sidebar.tsx'
src/components/ui/carousel.tsx(169,38): error TS2339: Property 'size' does not exist on type 'ButtonProps'.
src/components/ui/carousel.tsx(175,9): error TS2322: Type 'string' is not assignable to type 'ButtonVariant | undefined'.
src/components/ui/carousel.tsx(197,38): error TS2339: Property 'size' does not exist on type 'ButtonProps'.
src/components/ui/carousel.tsx(203,9): error TS2322: Type 'string' is not assignable to type 'ButtonVariant | undefined'.
src/components/ui/chart.tsx(2,36): error TS2307: Cannot find module 'recharts' or its corresponding type declarations.
src/components/ui/chart.tsx(163,25): error TS7006: Parameter 'item' implicitly has an 'any' type.
src/components/ui/chart.tsx(163,31): error TS7006: Parameter 'index' implicitly has an 'any' type.
src/components/ui/chart.tsx(249,21): error TS7006: Parameter 'item' implicitly has an 'any' type.
src/components/ui/checkbox.tsx(2,36): error TS2307: Cannot find module '@radix-ui/react-checkbox' or its corresponding type declarations.
src/components/ui/collapsible.tsx(1,39): error TS2307: Cannot find module '@radix-ui/react-collapsible' or its corresponding type declarations.
src/components/ui/command.tsx(2,34): error TS2307: Cannot find module '@radix-ui/react-dialog' or its corresponding type declarations.
src/components/ui/command.tsx(3,45): error TS2307: Cannot find module 'cmdk' or its corresponding type declarations.
src/components/ui/command.tsx(26,26): error TS2339: Property 'children' does not exist on type 'CommandDialogProps'.
src/components/ui/context-menu.tsx(2,39): error TS2307: Cannot find module '@radix-ui/react-context-menu' or its corresponding type declarations.
src/components/ui/dialog.tsx(2,34): error TS2307: Cannot find module '@radix-ui/react-dialog' or its corresponding type declarations.
src/components/ui/drawer.tsx(2,43): error TS2307: Cannot find module 'vaul' or its corresponding type declarations.
src/components/ui/dropdown-menu.tsx(2,40): error TS2307: Cannot find module '@radix-ui/react-dropdown-menu' or its corresponding type declarations.
src/components/ui/form.tsx(2,33): error TS2307: Cannot find module '@radix-ui/react-label' or its corresponding type declarations.
src/components/ui/form.tsx(4,99): error TS2307: Cannot find module 'react-hook-form' or its corresponding type declarations.
src/components/ui/hover-card.tsx(2,37): error TS2307: Cannot find module '@radix-ui/react-hover-card' or its corresponding type declarations.
src/components/ui/input-otp.tsx(2,43): error TS2307: Cannot find module 'input-otp' or its corresponding type declarations.
src/components/ui/input-otp.tsx(29,44): error TS18046: 'inputOTPContext' is of type 'unknown'.
src/components/ui/label.tsx(2,33): error TS2307: Cannot find module '@radix-ui/react-label' or its corresponding type declarations.
src/components/ui/menubar.tsx(2,35): error TS2307: Cannot find module '@radix-ui/react-menubar' or its corresponding type declarations.
src/components/ui/navigation-menu.tsx(2,42): error TS2307: Cannot find module '@radix-ui/react-navigation-menu' or its corresponding type declarations.
src/components/ui/pagination.tsx(5,10): error TS2459: Module '"@/components/ui/button"' declares 'ButtonProps' locally, but it is not exported.
src/components/ui/pagination.tsx(5,23): error TS2305: Module '"@/components/ui/button"' has no exported member 'buttonVariants'.
src/components/ui/pagination.tsx(5,45): error TS1149: File name 'C:/Users/satap/OneDrive/Desktop/Project/src/components/ui/button.tsx' differs from already included file name 'C:/Users/satap/OneDrive/Desktop/Project/src/components/ui/Button.tsx' only in casing.
  The file is in the program because:
    Imported via '../ui/Button' from file 'C:/Users/satap/OneDrive/Desktop/Project/src/components/sections/Hero.tsx'
    Imported via '../ui/Button' from file 'C:/Users/satap/OneDrive/Desktop/Project/src/components/sections/SystemIntelligence.tsx'
    Imported via '../ui/Button' from file 'C:/Users/satap/OneDrive/Desktop/Project/src/components/sections/StrategicAcquisition.tsx'
    Imported via '../ui/Button' from file 'C:/Users/satap/OneDrive/Desktop/Project/src/components/sections/ProductDefinition.tsx'
    Matched by include pattern 'src' in 'C:/Users/satap/OneDrive/Desktop/Project/tsconfig.app.json'
    Imported via "@/components/ui/button" from file 'C:/Users/satap/OneDrive/Desktop/Project/src/components/ui/alert-dialog.tsx'
    Imported via "@/components/ui/button" from file 'C:/Users/satap/OneDrive/Desktop/Project/src/components/ui/calendar.tsx'
    Imported via "@/components/ui/button" from file 'C:/Users/satap/OneDrive/Desktop/Project/src/components/ui/carousel.tsx'
    Imported via "@/components/ui/button" from file 'C:/Users/satap/OneDrive/Desktop/Project/src/components/ui/pagination.tsx'
    Imported via "@/components/ui/button" from file 'C:/Users/satap/OneDrive/Desktop/Project/src/components/ui/sidebar.tsx'
src/components/ui/pagination.tsx(50,52): error TS2783: 'size' is specified more than once, so this usage will be overwritten.
src/components/ui/pagination.tsx(58,48): error TS2783: 'size' is specified more than once, so this usage will be overwritten.
src/components/ui/popover.tsx(2,35): error TS2307: Cannot find module '@radix-ui/react-popover' or its corresponding type declarations.
src/components/ui/progress.tsx(2,36): error TS2307: Cannot find module '@radix-ui/react-progress' or its corresponding type declarations.
src/components/ui/radio-group.tsx(2,38): error TS2307: Cannot find module '@radix-ui/react-radio-group' or its corresponding type declarations.
src/components/ui/resizable.tsx(2,37): error TS2307: Cannot find module 'react-resizable-panels' or its corresponding type declarations.
src/components/ui/scroll-area.tsx(2,38): error TS2307: Cannot find module '@radix-ui/react-scroll-area' or its corresponding type declarations.
src/components/ui/select.tsx(2,34): error TS2307: Cannot find module '@radix-ui/react-select' or its corresponding type declarations.
src/components/ui/separator.tsx(2,37): error TS2307: Cannot find module '@radix-ui/react-separator' or its corresponding type declarations.
src/components/ui/sheet.tsx(1,33): error TS2307: Cannot find module '@radix-ui/react-dialog' or its corresponding type declarations.
src/components/ui/sheet.tsx(55,22): error TS2339: Property 'className' does not exist on type 'SheetContentProps'.
src/components/ui/sheet.tsx(55,33): error TS2339: Property 'children' does not exist on type 'SheetContentProps'.
src/components/ui/sidebar.tsx(3,10): error TS1484: 'VariantProps' is a type and must be imported using a type-only import when 'verbatimModuleSyntax' is enabled.
src/components/ui/sidebar.tsx(6,29): error TS2307: Cannot find module '@/hooks/use-mobile' or its corresponding type declarations.
src/components/ui/sidebar.tsx(8,24): error TS1149: File name 'C:/Users/satap/OneDrive/Desktop/Project/src/components/ui/button.tsx' differs from already included file name 'C:/Users/satap/OneDrive/Desktop/Project/src/components/ui/Button.tsx' only in casing.
  The file is in the program because:
    Imported via '../ui/Button' from file 'C:/Users/satap/OneDrive/Desktop/Project/src/components/sections/Hero.tsx'
    Imported via '../ui/Button' from file 'C:/Users/satap/OneDrive/Desktop/Project/src/components/sections/SystemIntelligence.tsx'
    Imported via '../ui/Button' from file 'C:/Users/satap/OneDrive/Desktop/Project/src/components/sections/StrategicAcquisition.tsx'
    Imported via '../ui/Button' from file 'C:/Users/satap/OneDrive/Desktop/Project/src/components/sections/ProductDefinition.tsx'
    Matched by include pattern 'src' in 'C:/Users/satap/OneDrive/Desktop/Project/tsconfig.app.json'
    Imported via "@/components/ui/button" from file 'C:/Users/satap/OneDrive/Desktop/Project/src/components/ui/alert-dialog.tsx'
    Imported via "@/components/ui/button" from file 'C:/Users/satap/OneDrive/Desktop/Project/src/components/ui/calendar.tsx'
    Imported via "@/components/ui/button" from file 'C:/Users/satap/OneDrive/Desktop/Project/src/components/ui/carousel.tsx'
    Imported via "@/components/ui/button" from file 'C:/Users/satap/OneDrive/Desktop/Project/src/components/ui/pagination.tsx'
    Imported via "@/components/ui/button" from file 'C:/Users/satap/OneDrive/Desktop/Project/src/components/ui/sidebar.tsx'
src/components/ui/sidebar.tsx(156,10): error TS2322: Type '{ children: Element; "data-sidebar": string; "data-mobile": string; className: string; style: CSSProperties; side: "left" | "right"; }' is not assignable to type 'IntrinsicAttributes & SheetContentProps & RefAttributes<any>'.
  Property 'children' does not exist on type 'IntrinsicAttributes & SheetContentProps & RefAttributes<any>'.
src/components/ui/sidebar.tsx(219,58): error TS2344: Type 'FC<ButtonProps>' does not satisfy the constraint 'keyof IntrinsicElements | ForwardRefExoticComponent<any> | (new (props: any, context: any) => Component<any, {}, any>) | ((props: any) => ReactNode)'.
  Property '$$typeof' is missing in type 'FunctionComponent<ButtonProps>' but required in type 'ForwardRefExoticComponent<any>'.
src/components/ui/sidebar.tsx(227,9): error TS2322: Type '"ghost"' is not assignable to type 'ButtonVariant | undefined'.
src/components/ui/slider.tsx(2,34): error TS2307: Cannot find module '@radix-ui/react-slider' or its corresponding type declarations.
src/components/ui/sonner.tsx(1,26): error TS2307: Cannot find module 'next-themes' or its corresponding type declarations.
src/components/ui/sonner.tsx(2,42): error TS2307: Cannot find module 'sonner' or its corresponding type declarations.
src/components/ui/TacticalCardnew.tsx(1,10): error TS1484: 'ReactNode' is a type and must be imported using a type-only import when 'verbatimModuleSyntax' is enabled.
src/components/ui/TacticalCardnew.tsx(1,21): error TS1484: 'CSSProperties' is a type and must be imported using a type-only import when 'verbatimModuleSyntax' is enabled.
